[2025-04-22 07:27:36] local.ERROR: Cannot declare class App\Http\Controllers\API\OrderController, because the name is already in use {"exception":"[object] (Symfony\\Component\\ErrorHandler\\Error\\FatalError(code: 0): Cannot declare class App\\Http\\Controllers\\API\\OrderController, because the name is already in use at C:\\Users\\andre\\Kuliah\\Semester 4\\EA Integrasi\\Coding\\project-uts\\OrderService\\app\\Http\\Controllers\\Controller.php:9)
[stacktrace]
#0 {main}
"} 
[2025-04-22 07:28:14] local.ERROR: Cannot declare class App\Http\Controllers\API\OrderController, because the name is already in use {"exception":"[object] (Symfony\\Component\\ErrorHandler\\Error\\FatalError(code: 0): Cannot declare class App\\Http\\Controllers\\API\\OrderController, because the name is already in use at C:\\Users\\andre\\Kuliah\\Semester 4\\EA Integrasi\\Coding\\project-uts\\OrderService\\app\\Http\\Controllers\\Controller.php:9)
[stacktrace]
#0 {main}
"} 
[2025-04-22 07:32:09] local.ERROR: Cannot declare class App\Http\Controllers\API\OrderController, because the name is already in use {"exception":"[object] (Symfony\\Component\\ErrorHandler\\Error\\FatalError(code: 0): Cannot declare class App\\Http\\Controllers\\API\\OrderController, because the name is already in use at C:\\Users\\andre\\Kuliah\\Semester 4\\EA Integrasi\\Coding\\project-uts\\OrderService\\app\\Http\\Controllers\\Controller.php:9)
[stacktrace]
#0 {main}
"} 
[2025-04-22 07:33:07] local.ERROR: Class "App\Http\Controllers\Controller" not found {"exception":"[object] (Error(code: 0): Class \"App\\Http\\Controllers\\Controller\" not found at C:\\Users\\andre\\Kuliah\\Semester 4\\EA Integrasi\\Coding\\project-uts\\OrderService\\app\\Http\\Controllers\\Controller.php:7)
[stacktrace]
#0 C:\\Users\\andre\\Kuliah\\Semester 4\\EA Integrasi\\Coding\\project-uts\\OrderService\\vendor\\composer\\ClassLoader.php(576): include()
#1 C:\\Users\\andre\\Kuliah\\Semester 4\\EA Integrasi\\Coding\\project-uts\\OrderService\\vendor\\composer\\ClassLoader.php(427): Composer\\Autoload\\{closure}('C:\\\\Users\\\\andre\\\\...')
#2 C:\\Users\\andre\\Kuliah\\Semester 4\\EA Integrasi\\Coding\\project-uts\\OrderService\\app\\Http\\Controllers\\API\\OrderController.php(8): Composer\\Autoload\\ClassLoader->loadClass('App\\\\Http\\\\Contro...')
#3 C:\\Users\\andre\\Kuliah\\Semester 4\\EA Integrasi\\Coding\\project-uts\\OrderService\\vendor\\composer\\ClassLoader.php(576): include('C:\\\\Users\\\\andre\\\\...')
#4 C:\\Users\\andre\\Kuliah\\Semester 4\\EA Integrasi\\Coding\\project-uts\\OrderService\\vendor\\composer\\ClassLoader.php(427): Composer\\Autoload\\{closure}('C:\\\\Users\\\\andre\\\\...')
#5 [internal function]: Composer\\Autoload\\ClassLoader->loadClass('App\\\\Http\\\\Contro...')
#6 C:\\Users\\andre\\Kuliah\\Semester 4\\EA Integrasi\\Coding\\project-uts\\OrderService\\vendor\\laravel\\framework\\src\\Illuminate\\Routing\\Route.php(1096): is_a('App\\\\Http\\\\Contro...', 'Illuminate\\\\Rout...', true)
#7 C:\\Users\\andre\\Kuliah\\Semester 4\\EA Integrasi\\Coding\\project-uts\\OrderService\\vendor\\laravel\\framework\\src\\Illuminate\\Routing\\Route.php(1035): Illuminate\\Routing\\Route->controllerMiddleware()
#8 C:\\Users\\andre\\Kuliah\\Semester 4\\EA Integrasi\\Coding\\project-uts\\OrderService\\vendor\\laravel\\framework\\src\\Illuminate\\Routing\\Router.php(818): Illuminate\\Routing\\Route->gatherMiddleware()
#9 C:\\Users\\andre\\Kuliah\\Semester 4\\EA Integrasi\\Coding\\project-uts\\OrderService\\vendor\\laravel\\framework\\src\\Illuminate\\Routing\\Router.php(800): Illuminate\\Routing\\Router->gatherRouteMiddleware(Object(Illuminate\\Routing\\Route))
#10 C:\\Users\\andre\\Kuliah\\Semester 4\\EA Integrasi\\Coding\\project-uts\\OrderService\\vendor\\laravel\\framework\\src\\Illuminate\\Routing\\Router.php(784): Illuminate\\Routing\\Router->runRouteWithinStack(Object(Illuminate\\Routing\\Route), Object(Illuminate\\Http\\Request))
#11 C:\\Users\\andre\\Kuliah\\Semester 4\\EA Integrasi\\Coding\\project-uts\\OrderService\\vendor\\laravel\\framework\\src\\Illuminate\\Routing\\Router.php(748): Illuminate\\Routing\\Router->runRoute(Object(Illuminate\\Http\\Request), Object(Illuminate\\Routing\\Route))
#12 C:\\Users\\andre\\Kuliah\\Semester 4\\EA Integrasi\\Coding\\project-uts\\OrderService\\vendor\\laravel\\framework\\src\\Illuminate\\Routing\\Router.php(737): Illuminate\\Routing\\Router->dispatchToRoute(Object(Illuminate\\Http\\Request))
#13 C:\\Users\\andre\\Kuliah\\Semester 4\\EA Integrasi\\Coding\\project-uts\\OrderService\\vendor\\laravel\\framework\\src\\Illuminate\\Foundation\\Http\\Kernel.php(200): Illuminate\\Routing\\Router->dispatch(Object(Illuminate\\Http\\Request))
#14 C:\\Users\\andre\\Kuliah\\Semester 4\\EA Integrasi\\Coding\\project-uts\\OrderService\\vendor\\laravel\\framework\\src\\Illuminate\\Pipeline\\Pipeline.php(144): Illuminate\\Foundation\\Http\\Kernel->Illuminate\\Foundation\\Http\\{closure}(Object(Illuminate\\Http\\Request))
#15 C:\\Users\\andre\\Kuliah\\Semester 4\\EA Integrasi\\Coding\\project-uts\\OrderService\\vendor\\laravel\\framework\\src\\Illuminate\\Foundation\\Http\\Middleware\\TransformsRequest.php(21): Illuminate\\Pipeline\\Pipeline->Illuminate\\Pipeline\\{closure}(Object(Illuminate\\Http\\Request))
#16 C:\\Users\\andre\\Kuliah\\Semester 4\\EA Integrasi\\Coding\\project-uts\\OrderService\\vendor\\laravel\\framework\\src\\Illuminate\\Foundation\\Http\\Middleware\\ConvertEmptyStringsToNull.php(31): Illuminate\\Foundation\\Http\\Middleware\\TransformsRequest->handle(Object(Illuminate\\Http\\Request), Object(Closure))
#17 C:\\Users\\andre\\Kuliah\\Semester 4\\EA Integrasi\\Coding\\project-uts\\OrderService\\vendor\\laravel\\framework\\src\\Illuminate\\Pipeline\\Pipeline.php(183): Illuminate\\Foundation\\Http\\Middleware\\ConvertEmptyStringsToNull->handle(Object(Illuminate\\Http\\Request), Object(Closure))
#18 C:\\Users\\andre\\Kuliah\\Semester 4\\EA Integrasi\\Coding\\project-uts\\OrderService\\vendor\\laravel\\framework\\src\\Illuminate\\Foundation\\Http\\Middleware\\TransformsRequest.php(21): Illuminate\\Pipeline\\Pipeline->Illuminate\\Pipeline\\{closure}(Object(Illuminate\\Http\\Request))
#19 C:\\Users\\andre\\Kuliah\\Semester 4\\EA Integrasi\\Coding\\project-uts\\OrderService\\vendor\\laravel\\framework\\src\\Illuminate\\Foundation\\Http\\Middleware\\TrimStrings.php(40): Illuminate\\Foundation\\Http\\Middleware\\TransformsRequest->handle(Object(Illuminate\\Http\\Request), Object(Closure))
#20 C:\\Users\\andre\\Kuliah\\Semester 4\\EA Integrasi\\Coding\\project-uts\\OrderService\\vendor\\laravel\\framework\\src\\Illuminate\\Pipeline\\Pipeline.php(183): Illuminate\\Foundation\\Http\\Middleware\\TrimStrings->handle(Object(Illuminate\\Http\\Request), Object(Closure))
#21 C:\\Users\\andre\\Kuliah\\Semester 4\\EA Integrasi\\Coding\\project-uts\\OrderService\\vendor\\laravel\\framework\\src\\Illuminate\\Foundation\\Http\\Middleware\\ValidatePostSize.php(27): Illuminate\\Pipeline\\Pipeline->Illuminate\\Pipeline\\{closure}(Object(Illuminate\\Http\\Request))
#22 C:\\Users\\andre\\Kuliah\\Semester 4\\EA Integrasi\\Coding\\project-uts\\OrderService\\vendor\\laravel\\framework\\src\\Illuminate\\Pipeline\\Pipeline.php(183): Illuminate\\Foundation\\Http\\Middleware\\ValidatePostSize->handle(Object(Illuminate\\Http\\Request), Object(Closure))
#23 C:\\Users\\andre\\Kuliah\\Semester 4\\EA Integrasi\\Coding\\project-uts\\OrderService\\vendor\\laravel\\framework\\src\\Illuminate\\Foundation\\Http\\Middleware\\PreventRequestsDuringMaintenance.php(99): Illuminate\\Pipeline\\Pipeline->Illuminate\\Pipeline\\{closure}(Object(Illuminate\\Http\\Request))
#24 C:\\Users\\andre\\Kuliah\\Semester 4\\EA Integrasi\\Coding\\project-uts\\OrderService\\vendor\\laravel\\framework\\src\\Illuminate\\Pipeline\\Pipeline.php(183): Illuminate\\Foundation\\Http\\Middleware\\PreventRequestsDuringMaintenance->handle(Object(Illuminate\\Http\\Request), Object(Closure))
#25 C:\\Users\\andre\\Kuliah\\Semester 4\\EA Integrasi\\Coding\\project-uts\\OrderService\\vendor\\laravel\\framework\\src\\Illuminate\\Http\\Middleware\\HandleCors.php(62): Illuminate\\Pipeline\\Pipeline->Illuminate\\Pipeline\\{closure}(Object(Illuminate\\Http\\Request))
#26 C:\\Users\\andre\\Kuliah\\Semester 4\\EA Integrasi\\Coding\\project-uts\\OrderService\\vendor\\laravel\\framework\\src\\Illuminate\\Pipeline\\Pipeline.php(183): Illuminate\\Http\\Middleware\\HandleCors->handle(Object(Illuminate\\Http\\Request), Object(Closure))
#27 C:\\Users\\andre\\Kuliah\\Semester 4\\EA Integrasi\\Coding\\project-uts\\OrderService\\vendor\\laravel\\framework\\src\\Illuminate\\Http\\Middleware\\TrustProxies.php(39): Illuminate\\Pipeline\\Pipeline->Illuminate\\Pipeline\\{closure}(Object(Illuminate\\Http\\Request))
#28 C:\\Users\\andre\\Kuliah\\Semester 4\\EA Integrasi\\Coding\\project-uts\\OrderService\\vendor\\laravel\\framework\\src\\Illuminate\\Pipeline\\Pipeline.php(183): Illuminate\\Http\\Middleware\\TrustProxies->handle(Object(Illuminate\\Http\\Request), Object(Closure))
#29 C:\\Users\\andre\\Kuliah\\Semester 4\\EA Integrasi\\Coding\\project-uts\\OrderService\\vendor\\laravel\\framework\\src\\Illuminate\\Pipeline\\Pipeline.php(119): Illuminate\\Pipeline\\Pipeline->Illuminate\\Pipeline\\{closure}(Object(Illuminate\\Http\\Request))
#30 C:\\Users\\andre\\Kuliah\\Semester 4\\EA Integrasi\\Coding\\project-uts\\OrderService\\vendor\\laravel\\framework\\src\\Illuminate\\Foundation\\Http\\Kernel.php(175): Illuminate\\Pipeline\\Pipeline->then(Object(Closure))
#31 C:\\Users\\andre\\Kuliah\\Semester 4\\EA Integrasi\\Coding\\project-uts\\OrderService\\vendor\\laravel\\framework\\src\\Illuminate\\Foundation\\Http\\Kernel.php(144): Illuminate\\Foundation\\Http\\Kernel->sendRequestThroughRouter(Object(Illuminate\\Http\\Request))
#32 C:\\Users\\andre\\Kuliah\\Semester 4\\EA Integrasi\\Coding\\project-uts\\OrderService\\public\\index.php(51): Illuminate\\Foundation\\Http\\Kernel->handle(Object(Illuminate\\Http\\Request))
#33 C:\\Users\\andre\\Kuliah\\Semester 4\\EA Integrasi\\Coding\\project-uts\\OrderService\\vendor\\laravel\\framework\\src\\Illuminate\\Foundation\\resources\\server.php(16): require_once('C:\\\\Users\\\\andre\\\\...')
#34 {main}
"} 
[2025-04-22 07:34:52] local.ERROR: Method App\Http\Controllers\API\OrderController::index does not exist. {"exception":"[object] (BadMethodCallException(code: 0): Method App\\Http\\Controllers\\API\\OrderController::index does not exist. at C:\\Users\\andre\\Kuliah\\Semester 4\\EA Integrasi\\Coding\\project-uts\\OrderService\\vendor\\laravel\\framework\\src\\Illuminate\\Routing\\Controller.php:68)
[stacktrace]
#0 C:\\Users\\andre\\Kuliah\\Semester 4\\EA Integrasi\\Coding\\project-uts\\OrderService\\vendor\\laravel\\framework\\src\\Illuminate\\Routing\\Controller.php(54): Illuminate\\Routing\\Controller->__call('index', Array)
#1 C:\\Users\\andre\\Kuliah\\Semester 4\\EA Integrasi\\Coding\\project-uts\\OrderService\\vendor\\laravel\\framework\\src\\Illuminate\\Routing\\ControllerDispatcher.php(43): Illuminate\\Routing\\Controller->callAction('index', Array)
#2 C:\\Users\\andre\\Kuliah\\Semester 4\\EA Integrasi\\Coding\\project-uts\\OrderService\\vendor\\laravel\\framework\\src\\Illuminate\\Routing\\Route.php(259): Illuminate\\Routing\\ControllerDispatcher->dispatch(Object(Illuminate\\Routing\\Route), Object(App\\Http\\Controllers\\API\\OrderController), 'index')
#3 C:\\Users\\andre\\Kuliah\\Semester 4\\EA Integrasi\\Coding\\project-uts\\OrderService\\vendor\\laravel\\framework\\src\\Illuminate\\Routing\\Route.php(205): Illuminate\\Routing\\Route->runController()
#4 C:\\Users\\andre\\Kuliah\\Semester 4\\EA Integrasi\\Coding\\project-uts\\OrderService\\vendor\\laravel\\framework\\src\\Illuminate\\Routing\\Router.php(806): Illuminate\\Routing\\Route->run()
#5 C:\\Users\\andre\\Kuliah\\Semester 4\\EA Integrasi\\Coding\\project-uts\\OrderService\\vendor\\laravel\\framework\\src\\Illuminate\\Pipeline\\Pipeline.php(144): Illuminate\\Routing\\Router->Illuminate\\Routing\\{closure}(Object(Illuminate\\Http\\Request))
#6 C:\\Users\\andre\\Kuliah\\Semester 4\\EA Integrasi\\Coding\\project-uts\\OrderService\\vendor\\laravel\\framework\\src\\Illuminate\\Routing\\Middleware\\SubstituteBindings.php(50): Illuminate\\Pipeline\\Pipeline->Illuminate\\Pipeline\\{closure}(Object(Illuminate\\Http\\Request))
#7 C:\\Users\\andre\\Kuliah\\Semester 4\\EA Integrasi\\Coding\\project-uts\\OrderService\\vendor\\laravel\\framework\\src\\Illuminate\\Pipeline\\Pipeline.php(183): Illuminate\\Routing\\Middleware\\SubstituteBindings->handle(Object(Illuminate\\Http\\Request), Object(Closure))
#8 C:\\Users\\andre\\Kuliah\\Semester 4\\EA Integrasi\\Coding\\project-uts\\OrderService\\vendor\\laravel\\framework\\src\\Illuminate\\Routing\\Middleware\\ThrottleRequests.php(159): Illuminate\\Pipeline\\Pipeline->Illuminate\\Pipeline\\{closure}(Object(Illuminate\\Http\\Request))
#9 C:\\Users\\andre\\Kuliah\\Semester 4\\EA Integrasi\\Coding\\project-uts\\OrderService\\vendor\\laravel\\framework\\src\\Illuminate\\Routing\\Middleware\\ThrottleRequests.php(125): Illuminate\\Routing\\Middleware\\ThrottleRequests->handleRequest(Object(Illuminate\\Http\\Request), Object(Closure), Array)
#10 C:\\Users\\andre\\Kuliah\\Semester 4\\EA Integrasi\\Coding\\project-uts\\OrderService\\vendor\\laravel\\framework\\src\\Illuminate\\Routing\\Middleware\\ThrottleRequests.php(87): Illuminate\\Routing\\Middleware\\ThrottleRequests->handleRequestUsingNamedLimiter(Object(Illuminate\\Http\\Request), Object(Closure), 'api', Object(Closure))
#11 C:\\Users\\andre\\Kuliah\\Semester 4\\EA Integrasi\\Coding\\project-uts\\OrderService\\vendor\\laravel\\framework\\src\\Illuminate\\Pipeline\\Pipeline.php(183): Illuminate\\Routing\\Middleware\\ThrottleRequests->handle(Object(Illuminate\\Http\\Request), Object(Closure), 'api')
#12 C:\\Users\\andre\\Kuliah\\Semester 4\\EA Integrasi\\Coding\\project-uts\\OrderService\\vendor\\laravel\\framework\\src\\Illuminate\\Pipeline\\Pipeline.php(119): Illuminate\\Pipeline\\Pipeline->Illuminate\\Pipeline\\{closure}(Object(Illuminate\\Http\\Request))
#13 C:\\Users\\andre\\Kuliah\\Semester 4\\EA Integrasi\\Coding\\project-uts\\OrderService\\vendor\\laravel\\framework\\src\\Illuminate\\Routing\\Router.php(805): Illuminate\\Pipeline\\Pipeline->then(Object(Closure))
#14 C:\\Users\\andre\\Kuliah\\Semester 4\\EA Integrasi\\Coding\\project-uts\\OrderService\\vendor\\laravel\\framework\\src\\Illuminate\\Routing\\Router.php(784): Illuminate\\Routing\\Router->runRouteWithinStack(Object(Illuminate\\Routing\\Route), Object(Illuminate\\Http\\Request))
#15 C:\\Users\\andre\\Kuliah\\Semester 4\\EA Integrasi\\Coding\\project-uts\\OrderService\\vendor\\laravel\\framework\\src\\Illuminate\\Routing\\Router.php(748): Illuminate\\Routing\\Router->runRoute(Object(Illuminate\\Http\\Request), Object(Illuminate\\Routing\\Route))
#16 C:\\Users\\andre\\Kuliah\\Semester 4\\EA Integrasi\\Coding\\project-uts\\OrderService\\vendor\\laravel\\framework\\src\\Illuminate\\Routing\\Router.php(737): Illuminate\\Routing\\Router->dispatchToRoute(Object(Illuminate\\Http\\Request))
#17 C:\\Users\\andre\\Kuliah\\Semester 4\\EA Integrasi\\Coding\\project-uts\\OrderService\\vendor\\laravel\\framework\\src\\Illuminate\\Foundation\\Http\\Kernel.php(200): Illuminate\\Routing\\Router->dispatch(Object(Illuminate\\Http\\Request))
#18 C:\\Users\\andre\\Kuliah\\Semester 4\\EA Integrasi\\Coding\\project-uts\\OrderService\\vendor\\laravel\\framework\\src\\Illuminate\\Pipeline\\Pipeline.php(144): Illuminate\\Foundation\\Http\\Kernel->Illuminate\\Foundation\\Http\\{closure}(Object(Illuminate\\Http\\Request))
#19 C:\\Users\\andre\\Kuliah\\Semester 4\\EA Integrasi\\Coding\\project-uts\\OrderService\\vendor\\laravel\\framework\\src\\Illuminate\\Foundation\\Http\\Middleware\\TransformsRequest.php(21): Illuminate\\Pipeline\\Pipeline->Illuminate\\Pipeline\\{closure}(Object(Illuminate\\Http\\Request))
#20 C:\\Users\\andre\\Kuliah\\Semester 4\\EA Integrasi\\Coding\\project-uts\\OrderService\\vendor\\laravel\\framework\\src\\Illuminate\\Foundation\\Http\\Middleware\\ConvertEmptyStringsToNull.php(31): Illuminate\\Foundation\\Http\\Middleware\\TransformsRequest->handle(Object(Illuminate\\Http\\Request), Object(Closure))
#21 C:\\Users\\andre\\Kuliah\\Semester 4\\EA Integrasi\\Coding\\project-uts\\OrderService\\vendor\\laravel\\framework\\src\\Illuminate\\Pipeline\\Pipeline.php(183): Illuminate\\Foundation\\Http\\Middleware\\ConvertEmptyStringsToNull->handle(Object(Illuminate\\Http\\Request), Object(Closure))
#22 C:\\Users\\andre\\Kuliah\\Semester 4\\EA Integrasi\\Coding\\project-uts\\OrderService\\vendor\\laravel\\framework\\src\\Illuminate\\Foundation\\Http\\Middleware\\TransformsRequest.php(21): Illuminate\\Pipeline\\Pipeline->Illuminate\\Pipeline\\{closure}(Object(Illuminate\\Http\\Request))
#23 C:\\Users\\andre\\Kuliah\\Semester 4\\EA Integrasi\\Coding\\project-uts\\OrderService\\vendor\\laravel\\framework\\src\\Illuminate\\Foundation\\Http\\Middleware\\TrimStrings.php(40): Illuminate\\Foundation\\Http\\Middleware\\TransformsRequest->handle(Object(Illuminate\\Http\\Request), Object(Closure))
#24 C:\\Users\\andre\\Kuliah\\Semester 4\\EA Integrasi\\Coding\\project-uts\\OrderService\\vendor\\laravel\\framework\\src\\Illuminate\\Pipeline\\Pipeline.php(183): Illuminate\\Foundation\\Http\\Middleware\\TrimStrings->handle(Object(Illuminate\\Http\\Request), Object(Closure))
#25 C:\\Users\\andre\\Kuliah\\Semester 4\\EA Integrasi\\Coding\\project-uts\\OrderService\\vendor\\laravel\\framework\\src\\Illuminate\\Foundation\\Http\\Middleware\\ValidatePostSize.php(27): Illuminate\\Pipeline\\Pipeline->Illuminate\\Pipeline\\{closure}(Object(Illuminate\\Http\\Request))
#26 C:\\Users\\andre\\Kuliah\\Semester 4\\EA Integrasi\\Coding\\project-uts\\OrderService\\vendor\\laravel\\framework\\src\\Illuminate\\Pipeline\\Pipeline.php(183): Illuminate\\Foundation\\Http\\Middleware\\ValidatePostSize->handle(Object(Illuminate\\Http\\Request), Object(Closure))
#27 C:\\Users\\andre\\Kuliah\\Semester 4\\EA Integrasi\\Coding\\project-uts\\OrderService\\vendor\\laravel\\framework\\src\\Illuminate\\Foundation\\Http\\Middleware\\PreventRequestsDuringMaintenance.php(99): Illuminate\\Pipeline\\Pipeline->Illuminate\\Pipeline\\{closure}(Object(Illuminate\\Http\\Request))
#28 C:\\Users\\andre\\Kuliah\\Semester 4\\EA Integrasi\\Coding\\project-uts\\OrderService\\vendor\\laravel\\framework\\src\\Illuminate\\Pipeline\\Pipeline.php(183): Illuminate\\Foundation\\Http\\Middleware\\PreventRequestsDuringMaintenance->handle(Object(Illuminate\\Http\\Request), Object(Closure))
#29 C:\\Users\\andre\\Kuliah\\Semester 4\\EA Integrasi\\Coding\\project-uts\\OrderService\\vendor\\laravel\\framework\\src\\Illuminate\\Http\\Middleware\\HandleCors.php(62): Illuminate\\Pipeline\\Pipeline->Illuminate\\Pipeline\\{closure}(Object(Illuminate\\Http\\Request))
#30 C:\\Users\\andre\\Kuliah\\Semester 4\\EA Integrasi\\Coding\\project-uts\\OrderService\\vendor\\laravel\\framework\\src\\Illuminate\\Pipeline\\Pipeline.php(183): Illuminate\\Http\\Middleware\\HandleCors->handle(Object(Illuminate\\Http\\Request), Object(Closure))
#31 C:\\Users\\andre\\Kuliah\\Semester 4\\EA Integrasi\\Coding\\project-uts\\OrderService\\vendor\\laravel\\framework\\src\\Illuminate\\Http\\Middleware\\TrustProxies.php(39): Illuminate\\Pipeline\\Pipeline->Illuminate\\Pipeline\\{closure}(Object(Illuminate\\Http\\Request))
#32 C:\\Users\\andre\\Kuliah\\Semester 4\\EA Integrasi\\Coding\\project-uts\\OrderService\\vendor\\laravel\\framework\\src\\Illuminate\\Pipeline\\Pipeline.php(183): Illuminate\\Http\\Middleware\\TrustProxies->handle(Object(Illuminate\\Http\\Request), Object(Closure))
#33 C:\\Users\\andre\\Kuliah\\Semester 4\\EA Integrasi\\Coding\\project-uts\\OrderService\\vendor\\laravel\\framework\\src\\Illuminate\\Pipeline\\Pipeline.php(119): Illuminate\\Pipeline\\Pipeline->Illuminate\\Pipeline\\{closure}(Object(Illuminate\\Http\\Request))
#34 C:\\Users\\andre\\Kuliah\\Semester 4\\EA Integrasi\\Coding\\project-uts\\OrderService\\vendor\\laravel\\framework\\src\\Illuminate\\Foundation\\Http\\Kernel.php(175): Illuminate\\Pipeline\\Pipeline->then(Object(Closure))
#35 C:\\Users\\andre\\Kuliah\\Semester 4\\EA Integrasi\\Coding\\project-uts\\OrderService\\vendor\\laravel\\framework\\src\\Illuminate\\Foundation\\Http\\Kernel.php(144): Illuminate\\Foundation\\Http\\Kernel->sendRequestThroughRouter(Object(Illuminate\\Http\\Request))
#36 C:\\Users\\andre\\Kuliah\\Semester 4\\EA Integrasi\\Coding\\project-uts\\OrderService\\public\\index.php(51): Illuminate\\Foundation\\Http\\Kernel->handle(Object(Illuminate\\Http\\Request))
#37 C:\\Users\\andre\\Kuliah\\Semester 4\\EA Integrasi\\Coding\\project-uts\\OrderService\\vendor\\laravel\\framework\\src\\Illuminate\\Foundation\\resources\\server.php(16): require_once('C:\\\\Users\\\\andre\\\\...')
#38 {main}
"} 
[2025-04-22 07:35:20] local.ERROR: Method App\Http\Controllers\API\OrderController::index does not exist. {"exception":"[object] (BadMethodCallException(code: 0): Method App\\Http\\Controllers\\API\\OrderController::index does not exist. at C:\\Users\\andre\\Kuliah\\Semester 4\\EA Integrasi\\Coding\\project-uts\\OrderService\\vendor\\laravel\\framework\\src\\Illuminate\\Routing\\Controller.php:68)
[stacktrace]
#0 C:\\Users\\andre\\Kuliah\\Semester 4\\EA Integrasi\\Coding\\project-uts\\OrderService\\vendor\\laravel\\framework\\src\\Illuminate\\Routing\\Controller.php(54): Illuminate\\Routing\\Controller->__call('index', Array)
#1 C:\\Users\\andre\\Kuliah\\Semester 4\\EA Integrasi\\Coding\\project-uts\\OrderService\\vendor\\laravel\\framework\\src\\Illuminate\\Routing\\ControllerDispatcher.php(43): Illuminate\\Routing\\Controller->callAction('index', Array)
#2 C:\\Users\\andre\\Kuliah\\Semester 4\\EA Integrasi\\Coding\\project-uts\\OrderService\\vendor\\laravel\\framework\\src\\Illuminate\\Routing\\Route.php(259): Illuminate\\Routing\\ControllerDispatcher->dispatch(Object(Illuminate\\Routing\\Route), Object(App\\Http\\Controllers\\API\\OrderController), 'index')
#3 C:\\Users\\andre\\Kuliah\\Semester 4\\EA Integrasi\\Coding\\project-uts\\OrderService\\vendor\\laravel\\framework\\src\\Illuminate\\Routing\\Route.php(205): Illuminate\\Routing\\Route->runController()
#4 C:\\Users\\andre\\Kuliah\\Semester 4\\EA Integrasi\\Coding\\project-uts\\OrderService\\vendor\\laravel\\framework\\src\\Illuminate\\Routing\\Router.php(806): Illuminate\\Routing\\Route->run()
#5 C:\\Users\\andre\\Kuliah\\Semester 4\\EA Integrasi\\Coding\\project-uts\\OrderService\\vendor\\laravel\\framework\\src\\Illuminate\\Pipeline\\Pipeline.php(144): Illuminate\\Routing\\Router->Illuminate\\Routing\\{closure}(Object(Illuminate\\Http\\Request))
#6 C:\\Users\\andre\\Kuliah\\Semester 4\\EA Integrasi\\Coding\\project-uts\\OrderService\\vendor\\laravel\\framework\\src\\Illuminate\\Routing\\Middleware\\SubstituteBindings.php(50): Illuminate\\Pipeline\\Pipeline->Illuminate\\Pipeline\\{closure}(Object(Illuminate\\Http\\Request))
#7 C:\\Users\\andre\\Kuliah\\Semester 4\\EA Integrasi\\Coding\\project-uts\\OrderService\\vendor\\laravel\\framework\\src\\Illuminate\\Pipeline\\Pipeline.php(183): Illuminate\\Routing\\Middleware\\SubstituteBindings->handle(Object(Illuminate\\Http\\Request), Object(Closure))
#8 C:\\Users\\andre\\Kuliah\\Semester 4\\EA Integrasi\\Coding\\project-uts\\OrderService\\vendor\\laravel\\framework\\src\\Illuminate\\Routing\\Middleware\\ThrottleRequests.php(159): Illuminate\\Pipeline\\Pipeline->Illuminate\\Pipeline\\{closure}(Object(Illuminate\\Http\\Request))
#9 C:\\Users\\andre\\Kuliah\\Semester 4\\EA Integrasi\\Coding\\project-uts\\OrderService\\vendor\\laravel\\framework\\src\\Illuminate\\Routing\\Middleware\\ThrottleRequests.php(125): Illuminate\\Routing\\Middleware\\ThrottleRequests->handleRequest(Object(Illuminate\\Http\\Request), Object(Closure), Array)
#10 C:\\Users\\andre\\Kuliah\\Semester 4\\EA Integrasi\\Coding\\project-uts\\OrderService\\vendor\\laravel\\framework\\src\\Illuminate\\Routing\\Middleware\\ThrottleRequests.php(87): Illuminate\\Routing\\Middleware\\ThrottleRequests->handleRequestUsingNamedLimiter(Object(Illuminate\\Http\\Request), Object(Closure), 'api', Object(Closure))
#11 C:\\Users\\andre\\Kuliah\\Semester 4\\EA Integrasi\\Coding\\project-uts\\OrderService\\vendor\\laravel\\framework\\src\\Illuminate\\Pipeline\\Pipeline.php(183): Illuminate\\Routing\\Middleware\\ThrottleRequests->handle(Object(Illuminate\\Http\\Request), Object(Closure), 'api')
#12 C:\\Users\\andre\\Kuliah\\Semester 4\\EA Integrasi\\Coding\\project-uts\\OrderService\\vendor\\laravel\\framework\\src\\Illuminate\\Pipeline\\Pipeline.php(119): Illuminate\\Pipeline\\Pipeline->Illuminate\\Pipeline\\{closure}(Object(Illuminate\\Http\\Request))
#13 C:\\Users\\andre\\Kuliah\\Semester 4\\EA Integrasi\\Coding\\project-uts\\OrderService\\vendor\\laravel\\framework\\src\\Illuminate\\Routing\\Router.php(805): Illuminate\\Pipeline\\Pipeline->then(Object(Closure))
#14 C:\\Users\\andre\\Kuliah\\Semester 4\\EA Integrasi\\Coding\\project-uts\\OrderService\\vendor\\laravel\\framework\\src\\Illuminate\\Routing\\Router.php(784): Illuminate\\Routing\\Router->runRouteWithinStack(Object(Illuminate\\Routing\\Route), Object(Illuminate\\Http\\Request))
#15 C:\\Users\\andre\\Kuliah\\Semester 4\\EA Integrasi\\Coding\\project-uts\\OrderService\\vendor\\laravel\\framework\\src\\Illuminate\\Routing\\Router.php(748): Illuminate\\Routing\\Router->runRoute(Object(Illuminate\\Http\\Request), Object(Illuminate\\Routing\\Route))
#16 C:\\Users\\andre\\Kuliah\\Semester 4\\EA Integrasi\\Coding\\project-uts\\OrderService\\vendor\\laravel\\framework\\src\\Illuminate\\Routing\\Router.php(737): Illuminate\\Routing\\Router->dispatchToRoute(Object(Illuminate\\Http\\Request))
#17 C:\\Users\\andre\\Kuliah\\Semester 4\\EA Integrasi\\Coding\\project-uts\\OrderService\\vendor\\laravel\\framework\\src\\Illuminate\\Foundation\\Http\\Kernel.php(200): Illuminate\\Routing\\Router->dispatch(Object(Illuminate\\Http\\Request))
#18 C:\\Users\\andre\\Kuliah\\Semester 4\\EA Integrasi\\Coding\\project-uts\\OrderService\\vendor\\laravel\\framework\\src\\Illuminate\\Pipeline\\Pipeline.php(144): Illuminate\\Foundation\\Http\\Kernel->Illuminate\\Foundation\\Http\\{closure}(Object(Illuminate\\Http\\Request))
#19 C:\\Users\\andre\\Kuliah\\Semester 4\\EA Integrasi\\Coding\\project-uts\\OrderService\\vendor\\laravel\\framework\\src\\Illuminate\\Foundation\\Http\\Middleware\\TransformsRequest.php(21): Illuminate\\Pipeline\\Pipeline->Illuminate\\Pipeline\\{closure}(Object(Illuminate\\Http\\Request))
#20 C:\\Users\\andre\\Kuliah\\Semester 4\\EA Integrasi\\Coding\\project-uts\\OrderService\\vendor\\laravel\\framework\\src\\Illuminate\\Foundation\\Http\\Middleware\\ConvertEmptyStringsToNull.php(31): Illuminate\\Foundation\\Http\\Middleware\\TransformsRequest->handle(Object(Illuminate\\Http\\Request), Object(Closure))
#21 C:\\Users\\andre\\Kuliah\\Semester 4\\EA Integrasi\\Coding\\project-uts\\OrderService\\vendor\\laravel\\framework\\src\\Illuminate\\Pipeline\\Pipeline.php(183): Illuminate\\Foundation\\Http\\Middleware\\ConvertEmptyStringsToNull->handle(Object(Illuminate\\Http\\Request), Object(Closure))
#22 C:\\Users\\andre\\Kuliah\\Semester 4\\EA Integrasi\\Coding\\project-uts\\OrderService\\vendor\\laravel\\framework\\src\\Illuminate\\Foundation\\Http\\Middleware\\TransformsRequest.php(21): Illuminate\\Pipeline\\Pipeline->Illuminate\\Pipeline\\{closure}(Object(Illuminate\\Http\\Request))
#23 C:\\Users\\andre\\Kuliah\\Semester 4\\EA Integrasi\\Coding\\project-uts\\OrderService\\vendor\\laravel\\framework\\src\\Illuminate\\Foundation\\Http\\Middleware\\TrimStrings.php(40): Illuminate\\Foundation\\Http\\Middleware\\TransformsRequest->handle(Object(Illuminate\\Http\\Request), Object(Closure))
#24 C:\\Users\\andre\\Kuliah\\Semester 4\\EA Integrasi\\Coding\\project-uts\\OrderService\\vendor\\laravel\\framework\\src\\Illuminate\\Pipeline\\Pipeline.php(183): Illuminate\\Foundation\\Http\\Middleware\\TrimStrings->handle(Object(Illuminate\\Http\\Request), Object(Closure))
#25 C:\\Users\\andre\\Kuliah\\Semester 4\\EA Integrasi\\Coding\\project-uts\\OrderService\\vendor\\laravel\\framework\\src\\Illuminate\\Foundation\\Http\\Middleware\\ValidatePostSize.php(27): Illuminate\\Pipeline\\Pipeline->Illuminate\\Pipeline\\{closure}(Object(Illuminate\\Http\\Request))
#26 C:\\Users\\andre\\Kuliah\\Semester 4\\EA Integrasi\\Coding\\project-uts\\OrderService\\vendor\\laravel\\framework\\src\\Illuminate\\Pipeline\\Pipeline.php(183): Illuminate\\Foundation\\Http\\Middleware\\ValidatePostSize->handle(Object(Illuminate\\Http\\Request), Object(Closure))
#27 C:\\Users\\andre\\Kuliah\\Semester 4\\EA Integrasi\\Coding\\project-uts\\OrderService\\vendor\\laravel\\framework\\src\\Illuminate\\Foundation\\Http\\Middleware\\PreventRequestsDuringMaintenance.php(99): Illuminate\\Pipeline\\Pipeline->Illuminate\\Pipeline\\{closure}(Object(Illuminate\\Http\\Request))
#28 C:\\Users\\andre\\Kuliah\\Semester 4\\EA Integrasi\\Coding\\project-uts\\OrderService\\vendor\\laravel\\framework\\src\\Illuminate\\Pipeline\\Pipeline.php(183): Illuminate\\Foundation\\Http\\Middleware\\PreventRequestsDuringMaintenance->handle(Object(Illuminate\\Http\\Request), Object(Closure))
#29 C:\\Users\\andre\\Kuliah\\Semester 4\\EA Integrasi\\Coding\\project-uts\\OrderService\\vendor\\laravel\\framework\\src\\Illuminate\\Http\\Middleware\\HandleCors.php(62): Illuminate\\Pipeline\\Pipeline->Illuminate\\Pipeline\\{closure}(Object(Illuminate\\Http\\Request))
#30 C:\\Users\\andre\\Kuliah\\Semester 4\\EA Integrasi\\Coding\\project-uts\\OrderService\\vendor\\laravel\\framework\\src\\Illuminate\\Pipeline\\Pipeline.php(183): Illuminate\\Http\\Middleware\\HandleCors->handle(Object(Illuminate\\Http\\Request), Object(Closure))
#31 C:\\Users\\andre\\Kuliah\\Semester 4\\EA Integrasi\\Coding\\project-uts\\OrderService\\vendor\\laravel\\framework\\src\\Illuminate\\Http\\Middleware\\TrustProxies.php(39): Illuminate\\Pipeline\\Pipeline->Illuminate\\Pipeline\\{closure}(Object(Illuminate\\Http\\Request))
#32 C:\\Users\\andre\\Kuliah\\Semester 4\\EA Integrasi\\Coding\\project-uts\\OrderService\\vendor\\laravel\\framework\\src\\Illuminate\\Pipeline\\Pipeline.php(183): Illuminate\\Http\\Middleware\\TrustProxies->handle(Object(Illuminate\\Http\\Request), Object(Closure))
#33 C:\\Users\\andre\\Kuliah\\Semester 4\\EA Integrasi\\Coding\\project-uts\\OrderService\\vendor\\laravel\\framework\\src\\Illuminate\\Pipeline\\Pipeline.php(119): Illuminate\\Pipeline\\Pipeline->Illuminate\\Pipeline\\{closure}(Object(Illuminate\\Http\\Request))
#34 C:\\Users\\andre\\Kuliah\\Semester 4\\EA Integrasi\\Coding\\project-uts\\OrderService\\vendor\\laravel\\framework\\src\\Illuminate\\Foundation\\Http\\Kernel.php(175): Illuminate\\Pipeline\\Pipeline->then(Object(Closure))
#35 C:\\Users\\andre\\Kuliah\\Semester 4\\EA Integrasi\\Coding\\project-uts\\OrderService\\vendor\\laravel\\framework\\src\\Illuminate\\Foundation\\Http\\Kernel.php(144): Illuminate\\Foundation\\Http\\Kernel->sendRequestThroughRouter(Object(Illuminate\\Http\\Request))
#36 C:\\Users\\andre\\Kuliah\\Semester 4\\EA Integrasi\\Coding\\project-uts\\OrderService\\public\\index.php(51): Illuminate\\Foundation\\Http\\Kernel->handle(Object(Illuminate\\Http\\Request))
#37 C:\\Users\\andre\\Kuliah\\Semester 4\\EA Integrasi\\Coding\\project-uts\\OrderService\\vendor\\laravel\\framework\\src\\Illuminate\\Foundation\\resources\\server.php(16): require_once('C:\\\\Users\\\\andre\\\\...')
#38 {main}
"} 
